<?xml version="1.0" encoding="UTF-8"?>
<!-- Generated by org.testng.reporters.JUnitReportReporter -->
<testsuite skipped="0" hostname="criscar-asus" name="criscar.webdriver.chap4.VerifyingTextIT" tests="1" failures="0" timestamp="05 mai 2018 16:11:22 GMT" time="16.193" errors="0">
  <testcase name="xpathTextMethod" time="16.193" classname="criscar.webdriver.chap4.VerifyingTextIT"/>
</testsuite> <!-- criscar.webdriver.chap4.VerifyingTextIT -->
