<?xml version="1.0" encoding="UTF-8"?>
<!-- Generated by org.testng.reporters.JUnitReportReporter -->
<testsuite skipped="0" hostname="criscar-asus" name="criscar.webdriver.chap4.ElementIsNotVisibleIT" tests="1" failures="0" timestamp="05 mai 2018 14:16:00 GMT" time="14.317" errors="0">
  <testcase name="invisibleElementIsNotDisplayed" time="14.317" classname="criscar.webdriver.chap4.ElementIsNotVisibleIT"/>
</testsuite> <!-- criscar.webdriver.chap4.ElementIsNotVisibleIT -->
