<?xml version="1.0" encoding="UTF-8"?>
<!-- Generated by org.testng.reporters.JUnitReportReporter -->
<testsuite skipped="0" hostname="criscar-asus" name="criscar.webdriver.chap5.fluentpageobject.LoginFormIT" tests="1" failures="0" timestamp="19 oct. 2018 14:07:58 GMT" time="23.783" errors="0">
  <testcase name="checkLoginForm" time="23.783" classname="criscar.webdriver.chap5.fluentpageobject.LoginFormIT"/>
</testsuite> <!-- criscar.webdriver.chap5.fluentpageobject.LoginFormIT -->
