<?xml version="1.0" encoding="UTF-8"?>
<!-- Generated by org.testng.reporters.JUnitReportReporter -->
<testsuite skipped="0" hostname="criscar-asus" name="criscar.webdriver.chap4.PageSourceIT" tests="1" failures="0" timestamp="05 mai 2018 15:39:02 GMT" time="13.987" errors="0">
  <testcase name="pageSourceMethod" time="13.987" classname="criscar.webdriver.chap4.PageSourceIT"/>
</testsuite> <!-- criscar.webdriver.chap4.PageSourceIT -->
