<?xml version="1.0" encoding="UTF-8"?>
<!-- Generated by org.testng.reporters.JUnitReportReporter -->
<testsuite skipped="0" hostname="criscar-asus" name="criscar.webdriver.chap3.RegistrationFormRadioButtonIT" tests="1" failures="0" timestamp="18 oct. 2018 16:47:38 GMT" time="20.462" errors="0">
  <testcase name="login" time="20.462" classname="criscar.webdriver.chap3.RegistrationFormRadioButtonIT"/>
</testsuite> <!-- criscar.webdriver.chap3.RegistrationFormRadioButtonIT -->
