<?xml version="1.0" encoding="UTF-8"?>
<!-- Generated by org.testng.reporters.JUnitReportReporter -->
<testsuite skipped="0" hostname="criscar-asus" name="criscar.webdriver.chap3.RegistrationFormSingleSelectChoiceIT" tests="1" failures="0" timestamp="18 oct. 2018 16:46:46 GMT" time="17.939" errors="0">
  <testcase name="login" time="17.939" classname="criscar.webdriver.chap3.RegistrationFormSingleSelectChoiceIT"/>
</testsuite> <!-- criscar.webdriver.chap3.RegistrationFormSingleSelectChoiceIT -->
