<?xml version="1.0" encoding="UTF-8"?>
<!-- Generated by org.testng.reporters.JUnitReportReporter -->
<testsuite skipped="0" hostname="criscar-asus" name="criscar.webdriver.chap5.LoginFormIT" tests="1" failures="0" timestamp="19 oct. 2018 12:48:32 GMT" time="11.302" errors="0">
  <testcase name="checkLoginForm" time="11.302" classname="criscar.webdriver.chap5.LoginFormIT"/>
</testsuite> <!-- criscar.webdriver.chap5.LoginFormIT -->
