<?xml version="1.0" encoding="UTF-8"?>
<!-- Generated by org.testng.reporters.JUnitReportReporter -->
<testsuite skipped="0" hostname="criscar-asus" name="criscar.webdriver.chap3.RegistrationFormMultiSelectChoiceIT" tests="1" failures="0" timestamp="18 oct. 2018 16:49:08 GMT" time="15.816" errors="0">
  <testcase name="login" time="15.816" classname="criscar.webdriver.chap3.RegistrationFormMultiSelectChoiceIT"/>
</testsuite> <!-- criscar.webdriver.chap3.RegistrationFormMultiSelectChoiceIT -->
