<?xml version="1.0" encoding="UTF-8"?>
<!-- Generated by org.testng.reporters.JUnitReportReporter -->
<testsuite skipped="0" hostname="criscar-asus" name="criscar.webdriver.chap4.ElementIsPresentIT" tests="1" failures="0" timestamp="05 mai 2018 13:01:08 GMT" time="13.698" errors="0">
  <testcase name="checkingAnElementIsPresent" time="13.698" classname="criscar.webdriver.chap4.ElementIsPresentIT"/>
</testsuite> <!-- criscar.webdriver.chap4.ElementIsPresentIT -->
