<?xml version="1.0" encoding="UTF-8"?>
<!-- Generated by org.testng.reporters.JUnitReportReporter -->
<testsuite skipped="0" hostname="criscar-asus" name="criscar.webdriver.chap3.LoginIT" tests="1" failures="0" timestamp="16 oct. 2018 15:03:11 GMT" time="16.630" errors="0">
  <testcase name="login" time="16.630" classname="criscar.webdriver.chap3.LoginIT"/>
</testsuite> <!-- criscar.webdriver.chap3.LoginIT -->
