<?xml version="1.0" encoding="UTF-8"?>
<!-- Generated by org.testng.reporters.JUnitReportReporter -->
<testsuite skipped="0" hostname="criscar-asus" name="criscar.webdriver.chap3.KeyboardInputIT2" tests="1" failures="0" timestamp="18 oct. 2018 12:14:31 GMT" time="22.153" errors="0">
  <testcase name="login" time="22.153" classname="criscar.webdriver.chap3.KeyboardInputIT2"/>
</testsuite> <!-- criscar.webdriver.chap3.KeyboardInputIT2 -->
