<?xml version="1.0" encoding="UTF-8"?>
<!-- Generated by org.testng.reporters.JUnitReportReporter -->
<testsuite skipped="0" hostname="criscar-asus" name="criscar.webdriver.chap3.ContextMenuIT" tests="2" failures="0" timestamp="18 oct. 2018 16:37:24 GMT" time="6.525" errors="0">
  <testcase name="selectOption" time="3.227" classname="criscar.webdriver.chap3.ContextMenuIT"/>
  <testcase name="login" time="3.298" classname="criscar.webdriver.chap3.ContextMenuIT"/>
</testsuite> <!-- criscar.webdriver.chap3.ContextMenuIT -->
