<?xml version="1.0" encoding="UTF-8"?>
<!-- Generated by org.testng.reporters.JUnitReportReporter -->
<testsuite skipped="0" hostname="criscar-asus" name="criscar.webdriver.chap3.MouseInputIT" tests="1" failures="0" timestamp="18 oct. 2018 15:12:06 GMT" time="21.177" errors="0">
  <testcase name="login" time="21.177" classname="criscar.webdriver.chap3.MouseInputIT"/>
</testsuite> <!-- criscar.webdriver.chap3.MouseInputIT -->
