<?xml version="1.0" encoding="UTF-8"?>
<!-- Generated by org.testng.reporters.JUnitReportReporter -->
<testsuite skipped="0" hostname="criscar-asus" name="criscar.webdriver.chap4.ElementIsVisibleIT" tests="1" failures="0" timestamp="05 mai 2018 14:01:45 GMT" time="13.457" errors="0">
  <testcase name="visibleElementIsDisplayed" time="13.457" classname="criscar.webdriver.chap4.ElementIsVisibleIT"/>
</testsuite> <!-- criscar.webdriver.chap4.ElementIsVisibleIT -->
