<?xml version="1.0" encoding="UTF-8"?>
<!-- Generated by org.testng.reporters.JUnitReportReporter -->
<testsuite skipped="0" hostname="criscar-asus" name="criscar.webdriver.chap4.VerifyingFormIT" tests="1" failures="0" timestamp="05 mai 2018 17:36:11 GMT" time="22.118" errors="0">
  <testcase name="xpathTextMethod" time="22.118" classname="criscar.webdriver.chap4.VerifyingFormIT"/>
</testsuite> <!-- criscar.webdriver.chap4.VerifyingFormIT -->
